[debug] [2019-12-18T03:05:23.581Z] ----------------------------------------------------------------------
[debug] [2019-12-18T03:05:23.584Z] Command:       C:\Program Files\nodejs\node.exe C:\Users\rayde\AppData\Roaming\npm\node_modules\firebase-tools\lib\bin\firebase.js serve --only functions,hosting
[debug] [2019-12-18T03:05:23.584Z] CLI Version:   7.10.0
[debug] [2019-12-18T03:05:23.584Z] Platform:      win32
[debug] [2019-12-18T03:05:23.584Z] Node Version:  v12.14.0
[debug] [2019-12-18T03:05:23.585Z] Time:          Tue Dec 17 2019 22:05:23 GMT-0500 (Eastern Standard Time)
[debug] [2019-12-18T03:05:23.585Z] ----------------------------------------------------------------------
[debug] [2019-12-18T03:05:23.585Z] 
[debug] [2019-12-18T03:05:23.594Z] > command requires scopes: ["email","openid","https://www.googleapis.com/auth/cloudplatformprojects.readonly","https://www.googleapis.com/auth/firebase","https://www.googleapis.com/auth/cloud-platform"]
[debug] [2019-12-18T03:05:23.594Z] > authorizing via signed-in user
[debug] [2019-12-18T03:05:23.595Z] [iam] checking project codigo-ecuador for permissions ["firebase.projects.get"]
[debug] [2019-12-18T03:05:23.597Z] > refreshing access token with scopes: ["email","https://www.googleapis.com/auth/cloud-platform","https://www.googleapis.com/auth/cloudplatformprojects.readonly","https://www.googleapis.com/auth/firebase","openid"]
[debug] [2019-12-18T03:05:23.598Z] >>> HTTP REQUEST POST https://www.googleapis.com/oauth2/v3/token  
 <request body omitted>
[debug] [2019-12-18T03:05:24.470Z] <<< HTTP RESPONSE 200
[debug] [2019-12-18T03:05:24.480Z] >>> HTTP REQUEST POST https://cloudresourcemanager.googleapis.com/v1/projects/codigo-ecuador:testIamPermissions  

[debug] [2019-12-18T03:05:25.662Z] <<< HTTP RESPONSE 200
[debug] [2019-12-18T03:05:25.663Z] >>> HTTP REQUEST GET https://firebase.googleapis.com/v1beta1/projects/codigo-ecuador  
 
[debug] [2019-12-18T03:05:26.485Z] <<< HTTP RESPONSE 200
[debug] [2019-12-18T03:05:26.486Z] >>> HTTP REQUEST GET https://firebase.googleapis.com/v1beta1/projects/codigo-ecuador/webApps/-/config  
 
[debug] [2019-12-18T03:05:27.385Z] <<< HTTP RESPONSE 200
[info] +  hosting: Local server: http://localhost:5000
[warn] !  Your requested "node" version "8" doesn't match your global version "12"
[info] +  functions: Emulator started at http://localhost:5001
[info] i  functions: Watching "C:\Users\rayde\iCloudDrive\GitHub\codigo-ecuador-web\functions" for Cloud Functions...
[debug] [2019-12-18T03:05:28.016Z] [worker-~diagnostic~-1e1b5fb5-d66b-4ed7-af25-f975e3c7ebca]: Assigning socketPath: \\?\pipe\C:\Users\rayde\iCloudDrive\GitHub\codigo-ecuador-web\functions\27640
[debug] [2019-12-18T03:05:28.016Z] [worker-~diagnostic~-1e1b5fb5-d66b-4ed7-af25-f975e3c7ebca]: BUSY
[debug] [2019-12-18T03:05:28.455Z] [runtime-status] [27640] Functions runtime initialized. {"cwd":"C:\\Users\\rayde\\iCloudDrive\\GitHub\\codigo-ecuador-web\\functions","node_version":"12.14.0"}
[debug] [2019-12-18T03:05:28.455Z] [runtime-status] [27640] Disabled runtime features: {"functions_config_helper":true,"network_filtering":true,"timeout":true,"memory_limiting":true,"admin_stubs":true,"pubsub_emulator":true}
[debug] [2019-12-18T03:05:28.458Z] [runtime-status] [27640] Resolved module firebase-admin {"declared":true,"installed":true,"version":"8.8.0","resolution":"C:\\Users\\rayde\\iCloudDrive\\GitHub\\codigo-ecuador-web\\functions\\node_modules\\firebase-admin\\lib\\index.js"}
[debug] [2019-12-18T03:05:28.461Z] [runtime-status] [27640] Resolved module firebase-functions {"declared":true,"installed":true,"version":"3.3.0","resolution":"C:\\Users\\rayde\\iCloudDrive\\GitHub\\codigo-ecuador-web\\functions\\node_modules\\firebase-functions\\lib\\index.js"}
[debug] [2019-12-18T03:05:28.463Z] [runtime-status] [27640] Resolved module firebase-functions {"declared":true,"installed":true,"version":"3.3.0","resolution":"C:\\Users\\rayde\\iCloudDrive\\GitHub\\codigo-ecuador-web\\functions\\node_modules\\firebase-functions\\lib\\index.js"}
[debug] [2019-12-18T03:05:28.540Z] [worker-~diagnostic~-1e1b5fb5-d66b-4ed7-af25-f975e3c7ebca]: exited
[debug] [2019-12-18T03:05:28.540Z] [worker-~diagnostic~-1e1b5fb5-d66b-4ed7-af25-f975e3c7ebca]: FINISHED
